RUN	com.gatling.tests.SearchAndEditComputer	searchandeditcomputer	1669013646450	Search and Edit with Rampup Uer roles	3.6.1
USER	Admins	START	1669013648102
USER	Users	START	1669013648100
REQUEST		HomePage	1669013648125	1669013648790	OK	 
REQUEST		HomePage	1669013648125	1669013648790	OK	 
USER	Users	START	1669013649090
REQUEST		HomePage	1669013649091	1669013649605	OK	 
USER	Users	START	1669013650096
REQUEST		HomePage	1669013650097	1669013650616	OK	 
USER	Users	START	1669013651095
REQUEST		Search	1669013650890	1669013651124	OK	 
REQUEST		Search	1669013650890	1669013651128	OK	 
REQUEST		HomePage	1669013651097	1669013651595	OK	 
REQUEST		Search	1669013651611	1669013651854	OK	 
USER	Users	START	1669013652098
REQUEST		HomePage	1669013652099	1669013652593	OK	 
REQUEST		Search	1669013652627	1669013652879	OK	 
USER	Users	START	1669013653087
USER	Admins	START	1669013653087
REQUEST		HomePage	1669013653088	1669013653587	OK	 
REQUEST		HomePage	1669013653088	1669013653589	OK	 
REQUEST		Search	1669013653607	1669013653846	OK	 
USER	Users	START	1669013654099
REQUEST		Select	1669013654130	1669013654363	OK	 
REQUEST		Select	1669013654146	1669013654379	OK	 
REQUEST		HomePage	1669013654101	1669013654634	OK	 
REQUEST		Search	1669013654619	1669013654862	OK	 
USER	Users	START	1669013655097
REQUEST		Select	1669013654864	1669013655114	OK	 
REQUEST		HomePage	1669013655098	1669013655607	OK	 
REQUEST		Search	1669013655599	1669013655826	OK	 
REQUEST		Search	1669013655599	1669013655832	OK	 
USER	Users	START	1669013656098
REQUEST		Select	1669013655894	1669013656139	OK	 
REQUEST		HomePage	1669013656099	1669013656577	OK	 
REQUEST		Search	1669013656638	1669013656878	OK	 
USER	Users	START	1669013657089
REQUEST		Select	1669013656855	1669013657092	OK	 
REQUEST		HomePage	1669013657090	1669013657576	OK	 
REQUEST		Search	1669013657620	1669013657851	OK	 
REQUEST		Select	1669013657869	1669013658110	OK	 
USER	Users	END	1669013658400
REQUEST		Edit	1669013658388	1669013658619	OK	 
REQUEST		Search	1669013658583	1669013658819	OK	 
REQUEST		Edit Redirect 1	1669013658635	1669013658869	OK	 
REQUEST		Select	1669013658831	1669013659055	OK	 
REQUEST		Select	1669013658847	1669013659081	OK	 
USER	Users	END	1669013659125
REQUEST		Search	1669013659591	1669013659832	OK	 
REQUEST		Select	1669013659883	1669013660136	OK	 
USER	Users	END	1669013660148
USER	Users	END	1669013661100
REQUEST		Select	1669013660864	1669013661106	OK	 
REQUEST		Select	1669013661827	1669013662066	OK	 
USER	Users	END	1669013662123
USER	Admins	END	1669013662887
REQUEST		Select	1669013662839	1669013663079	OK	 
USER	Users	END	1669013663089
REQUEST		Edit	1669013663059	1669013663285	OK	 
REQUEST		Edit Redirect 1	1669013663287	1669013663513	OK	 
USER	Users	END	1669013664150
USER	Users	END	1669013665118
USER	Users	END	1669013666085
USER	Users	END	1669013667097
USER	Admins	END	1669013667518
