RUN	Feeders.FeederDemo	feederdemo	1669618219327	take page name from csv	3.6.1
USER	Feeders Demo	START	1669618220644
USER	Feeders Demo	START	1669618220644
USER	Feeders Demo	START	1669618220644
REQUEST		Goto  computers	1669618221698	1669618222325	OK	 
REQUEST		Goto  computers	1669618221698	1669618222318	OK	 
REQUEST		Goto  /computers/new	1669618221698	1669618222321	OK	 
REQUEST		Goto  /computers/new Redirect 1	1669618222329	1669618222561	OK	 
REQUEST		Goto  computers Redirect 1	1669618222329	1669618222560	OK	 
REQUEST		Goto  computers Redirect 1	1669618222329	1669618222568	OK	 
REQUEST		Goto  /computers/new	1669618223583	1669618223812	OK	 
REQUEST		Goto  computers	1669618223583	1669618223815	OK	 
REQUEST		Goto  /computers/new	1669618223583	1669618223823	OK	 
REQUEST		Goto  /computers/new Redirect 1	1669618223813	1669618224043	OK	 
REQUEST		Goto  computers Redirect 1	1669618223816	1669618224056	OK	 
REQUEST		Goto  /computers/new Redirect 1	1669618223824	1669618224067	OK	 
REQUEST		Goto  computers	1669618225051	1669618225286	OK	 
REQUEST		Goto  /computers/new	1669618225066	1669618225300	OK	 
REQUEST		Goto  computers	1669618225081	1669618225326	OK	 
REQUEST		Goto  computers Redirect 1	1669618225286	1669618225516	OK	 
USER	Feeders Demo	END	1669618225521
REQUEST		Goto  /computers/new Redirect 1	1669618225300	1669618225533	OK	 
USER	Feeders Demo	END	1669618225534
REQUEST		Goto  computers Redirect 1	1669618225326	1669618225567	OK	 
USER	Feeders Demo	END	1669618225568
